2019-07-03 12:26:35  [ main:0 ] - [ DEBUG ]  Couldn't find template in cache for "index.ftl"("en", UTF-8, parsed); will try to load it.
2019-07-03 12:26:35  [ main:3 ] - [ DEBUG ]  TemplateLoader.findTemplateSource("index_en.ftl"): Not found
2019-07-03 12:26:35  [ main:5 ] - [ DEBUG ]  TemplateLoader.findTemplateSource("index.ftl"): Found
2019-07-03 12:26:35  [ main:6 ] - [ DEBUG ]  Loading template for "index.ftl"("en", UTF-8, parsed) from "jar:file:/D:/maven/localRepository/com/aventstack/extentreports/3.0.6/extentreports-3.0.6.jar!/com/aventstack/extentreports/view/html-report/index.ftl"
2019-07-03 12:26:35  [ main:128 ] - [ DEBUG ]  Couldn't find template in cache for "head.ftl"("en", UTF-8, parsed); will try to load it.
2019-07-03 12:26:35  [ main:130 ] - [ DEBUG ]  TemplateLoader.findTemplateSource("head_en.ftl"): Not found
2019-07-03 12:26:35  [ main:131 ] - [ DEBUG ]  TemplateLoader.findTemplateSource("head.ftl"): Found
2019-07-03 12:26:35  [ main:131 ] - [ DEBUG ]  Loading template for "head.ftl"("en", UTF-8, parsed) from "jar:file:/D:/maven/localRepository/com/aventstack/extentreports/3.0.6/extentreports-3.0.6.jar!/com/aventstack/extentreports/view/html-report/head.ftl"
2019-07-03 12:26:35  [ main:133 ] - [ DEBUG ]  Couldn't find template in cache for "nav.ftl"("en", UTF-8, parsed); will try to load it.
2019-07-03 12:26:35  [ main:133 ] - [ DEBUG ]  TemplateLoader.findTemplateSource("nav_en.ftl"): Not found
2019-07-03 12:26:35  [ main:134 ] - [ DEBUG ]  TemplateLoader.findTemplateSource("nav.ftl"): Found
2019-07-03 12:26:35  [ main:134 ] - [ DEBUG ]  Loading template for "nav.ftl"("en", UTF-8, parsed) from "jar:file:/D:/maven/localRepository/com/aventstack/extentreports/3.0.6/extentreports-3.0.6.jar!/com/aventstack/extentreports/view/html-report/nav.ftl"
2019-07-03 12:26:35  [ main:140 ] - [ DEBUG ]  Couldn't find template in cache for "test-view/test-view.ftl"("en", UTF-8, parsed); will try to load it.
2019-07-03 12:26:35  [ main:141 ] - [ DEBUG ]  TemplateLoader.findTemplateSource("test-view/test-view_en.ftl"): Not found
2019-07-03 12:26:35  [ main:141 ] - [ DEBUG ]  TemplateLoader.findTemplateSource("test-view/test-view.ftl"): Found
2019-07-03 12:26:35  [ main:142 ] - [ DEBUG ]  Loading template for "test-view/test-view.ftl"("en", UTF-8, parsed) from "jar:file:/D:/maven/localRepository/com/aventstack/extentreports/3.0.6/extentreports-3.0.6.jar!/com/aventstack/extentreports/view/html-report/test-view/test-view.ftl"
2019-07-03 12:26:35  [ main:149 ] - [ DEBUG ]  Couldn't find template in cache for "test-view/test-view-charts.ftl"("en", UTF-8, parsed); will try to load it.
2019-07-03 12:26:35  [ main:150 ] - [ DEBUG ]  TemplateLoader.findTemplateSource("test-view/test-view-charts_en.ftl"): Not found
2019-07-03 12:26:35  [ main:151 ] - [ DEBUG ]  TemplateLoader.findTemplateSource("test-view/test-view-charts.ftl"): Found
2019-07-03 12:26:35  [ main:151 ] - [ DEBUG ]  Loading template for "test-view/test-view-charts.ftl"("en", UTF-8, parsed) from "jar:file:/D:/maven/localRepository/com/aventstack/extentreports/3.0.6/extentreports-3.0.6.jar!/com/aventstack/extentreports/view/html-report/test-view/test-view-charts.ftl"
2019-07-03 12:26:35  [ main:159 ] - [ DEBUG ]  Couldn't find template in cache for "test-view/standard.ftl"("en", UTF-8, parsed); will try to load it.
2019-07-03 12:26:35  [ main:160 ] - [ DEBUG ]  TemplateLoader.findTemplateSource("test-view/standard_en.ftl"): Not found
2019-07-03 12:26:35  [ main:160 ] - [ DEBUG ]  TemplateLoader.findTemplateSource("test-view/standard.ftl"): Found
2019-07-03 12:26:35  [ main:161 ] - [ DEBUG ]  Loading template for "test-view/standard.ftl"("en", UTF-8, parsed) from "jar:file:/D:/maven/localRepository/com/aventstack/extentreports/3.0.6/extentreports-3.0.6.jar!/com/aventstack/extentreports/view/html-report/test-view/standard.ftl"
2019-07-03 12:26:35  [ main:172 ] - [ DEBUG ]  "test-view/standard.ftl"("en", UTF-8, parsed) cached copy not yet stale; using cached.
2019-07-03 12:26:35  [ main:172 ] - [ DEBUG ]  Couldn't find template in cache for "category-view/category-view.ftl"("en", UTF-8, parsed); will try to load it.
2019-07-03 12:26:35  [ main:173 ] - [ DEBUG ]  TemplateLoader.findTemplateSource("category-view/category-view_en.ftl"): Not found
2019-07-03 12:26:35  [ main:173 ] - [ DEBUG ]  TemplateLoader.findTemplateSource("category-view/category-view.ftl"): Found
2019-07-03 12:26:35  [ main:174 ] - [ DEBUG ]  Loading template for "category-view/category-view.ftl"("en", UTF-8, parsed) from "jar:file:/D:/maven/localRepository/com/aventstack/extentreports/3.0.6/extentreports-3.0.6.jar!/com/aventstack/extentreports/view/html-report/category-view/category-view.ftl"
2019-07-03 12:26:35  [ main:176 ] - [ DEBUG ]  Couldn't find template in cache for "author-view/author-view.ftl"("en", UTF-8, parsed); will try to load it.
2019-07-03 12:26:35  [ main:177 ] - [ DEBUG ]  TemplateLoader.findTemplateSource("author-view/author-view_en.ftl"): Not found
2019-07-03 12:26:35  [ main:178 ] - [ DEBUG ]  TemplateLoader.findTemplateSource("author-view/author-view.ftl"): Found
2019-07-03 12:26:35  [ main:178 ] - [ DEBUG ]  Loading template for "author-view/author-view.ftl"("en", UTF-8, parsed) from "jar:file:/D:/maven/localRepository/com/aventstack/extentreports/3.0.6/extentreports-3.0.6.jar!/com/aventstack/extentreports/view/html-report/author-view/author-view.ftl"
2019-07-03 12:26:35  [ main:182 ] - [ DEBUG ]  Couldn't find template in cache for "exception-view/exception-view.ftl"("en", UTF-8, parsed); will try to load it.
2019-07-03 12:26:35  [ main:182 ] - [ DEBUG ]  TemplateLoader.findTemplateSource("exception-view/exception-view_en.ftl"): Not found
2019-07-03 12:26:35  [ main:183 ] - [ DEBUG ]  TemplateLoader.findTemplateSource("exception-view/exception-view.ftl"): Found
2019-07-03 12:26:35  [ main:183 ] - [ DEBUG ]  Loading template for "exception-view/exception-view.ftl"("en", UTF-8, parsed) from "jar:file:/D:/maven/localRepository/com/aventstack/extentreports/3.0.6/extentreports-3.0.6.jar!/com/aventstack/extentreports/view/html-report/exception-view/exception-view.ftl"
2019-07-03 12:26:35  [ main:187 ] - [ DEBUG ]  Couldn't find template in cache for "dashboard-view/dashboard-view.ftl"("en", UTF-8, parsed); will try to load it.
2019-07-03 12:26:35  [ main:187 ] - [ DEBUG ]  TemplateLoader.findTemplateSource("dashboard-view/dashboard-view_en.ftl"): Not found
2019-07-03 12:26:35  [ main:188 ] - [ DEBUG ]  TemplateLoader.findTemplateSource("dashboard-view/dashboard-view.ftl"): Found
2019-07-03 12:26:35  [ main:188 ] - [ DEBUG ]  Loading template for "dashboard-view/dashboard-view.ftl"("en", UTF-8, parsed) from "jar:file:/D:/maven/localRepository/com/aventstack/extentreports/3.0.6/extentreports-3.0.6.jar!/com/aventstack/extentreports/view/html-report/dashboard-view/dashboard-view.ftl"
2019-07-03 12:26:35  [ main:195 ] - [ DEBUG ]  Couldn't find template in cache for "logs-view/testrunner-logs-view.ftl"("en", UTF-8, parsed); will try to load it.
2019-07-03 12:26:35  [ main:197 ] - [ DEBUG ]  TemplateLoader.findTemplateSource("logs-view/testrunner-logs-view_en.ftl"): Not found
2019-07-03 12:26:35  [ main:199 ] - [ DEBUG ]  TemplateLoader.findTemplateSource("logs-view/testrunner-logs-view.ftl"): Found
2019-07-03 12:26:35  [ main:200 ] - [ DEBUG ]  Loading template for "logs-view/testrunner-logs-view.ftl"("en", UTF-8, parsed) from "jar:file:/D:/maven/localRepository/com/aventstack/extentreports/3.0.6/extentreports-3.0.6.jar!/com/aventstack/extentreports/view/html-report/logs-view/testrunner-logs-view.ftl"
